19:38:26 **** Clean-only build of configuration Debug for project Reconocimiento_voz ****
make clean 
rm -rf  ./src/Reconocimiento_voz.o ./src/Utilities.o  ./Resources/Resources.o  ./src/Reconocimiento_voz.d ./src/Utilities.d  ./Resources/Resources.d  Reconocimiento_voz
 
19:38:28 **** Incremental Build of configuration Debug for project Hello_world_eclipse ****
make all 
make: No se hace nada para 'all'.
19:38:28 **** Incremental Build of configuration Debug for project Hola_mundo_CrossCompile ****
make all 
Building target: Hola_mundo_CrossCompile
Invoking: Cross G++ Linker
arm-linux-gnueabihf-g++ -L/usr/local/raspberry/lib -o "Hola_mundo_CrossCompile"  ./src/Hola_mundo_CrossCompile.o   -lpocketsphinx -lsphinxad -lsphinxbase -lm -lpthread
/home/maximofn/raspberrypi/tools/arm-bcm2708/gcc-linaro-arm-linux-gnueabihf-raspbian-x64/bin/../lib/gcc/arm-linux-gnueabihf/4.8.3/../../../../arm-linux-gnueabihf/bin/ld: warning: libasound.so.2, needed by /usr/local/raspberry/lib/libpocketsphinx.so, not found (try using -rpath or -rpath-link)
/usr/local/raspberry/lib/libsphinxad.so: referencia a `snd_pcm_readi@ALSA_0.9' sin definir
/usr/local/raspberry/lib/libsphinxad.so: referencia a `snd_pcm_hw_params_set_format@ALSA_0.9' sin definir
makefile:45: fallo en las instrucciones para el objetivo 'Hola_mundo_CrossCompile'
/usr/local/raspberry/lib/libsphinxad.so: referencia a `snd_pcm_hw_params_set_access@ALSA_0.9' sin definir
/usr/local/raspberry/lib/libsphinxad.so: referencia a `snd_pcm_hw_params_set_period_time_near@ALSA_0.9.0rc4' sin definir
/usr/local/raspberry/lib/libsphinxad.so: referencia a `snd_pcm_hw_params_sizeof@ALSA_0.9' sin definir
/usr/local/raspberry/lib/libsphinxad.so: referencia a `snd_pcm_start@ALSA_0.9' sin definir
/usr/local/raspberry/lib/libsphinxad.so: referencia a `snd_pcm_hw_params_get_buffer_time_max@ALSA_0.9.0rc4' sin definir
/usr/local/raspberry/lib/libsphinxad.so: referencia a `snd_pcm_close@ALSA_0.9' sin definir
/usr/local/raspberry/lib/libsphinxad.so: referencia a `snd_pcm_hw_params@ALSA_0.9' sin definir
/usr/local/raspberry/lib/libsphinxad.so: referencia a `snd_strerror@ALSA_0.9' sin definir
/usr/local/raspberry/lib/libsphinxad.so: referencia a `snd_pcm_hw_params_set_buffer_time_near@ALSA_0.9.0rc4' sin definir
/usr/local/raspberry/lib/libsphinxad.so: referencia a `snd_pcm_open@ALSA_0.9' sin definir
/usr/local/raspberry/lib/libsphinxad.so: referencia a `snd_pcm_resume@ALSA_0.9' sin definir
/usr/local/raspberry/lib/libsphinxad.so: referencia a `snd_pcm_hw_params_set_rate_near@ALSA_0.9.0rc4' sin definir
/usr/local/raspberry/lib/libsphinxad.so: referencia a `snd_pcm_prepare@ALSA_0.9' sin definir
/usr/local/raspberry/lib/libsphinxad.so: referencia a `snd_pcm_drop@ALSA_0.9' sin definir
/usr/local/raspberry/lib/libsphinxad.so: referencia a `snd_pcm_hw_params_any@ALSA_0.9' sin definir
/usr/local/raspberry/lib/libsphinxad.so: referencia a `snd_pcm_hw_params_set_channels@ALSA_0.9' sin definir
/usr/local/raspberry/lib/libsphinxad.so: referencia a `snd_pcm_nonblock@ALSA_0.9' sin definir
collect2: error: ld returned 1 exit status
make: *** [Hola_mundo_CrossCompile] Error 1
19:38:28 **** Build of configuration Debug for project Reconocimiento_voz ****
make all 
Building file: ../src/Reconocimiento_voz.cpp
Invoking: GCC C++ Compiler
g++ -I/usr/local/include/sphinxbase -I/usr/local/include/pocketsphinx -O0 -g3 -Wall -c -fmessage-length=0 -MMD -MP -MF"src/Reconocimiento_voz.d" -MT"src/Reconocimiento_voz.d" -o "src/Reconocimiento_voz.o" "../src/Reconocimiento_voz.cpp"
../src/Reconocimiento_voz.cpp:109:13: warning: ‘void recognize_from_microphone()’ defined but not used [-Wunused-function]
 static void recognize_from_microphone()
             ^
Finished building: ../src/Reconocimiento_voz.cpp
 
Building file: ../src/Utilities.cpp
Invoking: GCC C++ Compiler
g++ -I/usr/local/include/sphinxbase -I/usr/local/include/pocketsphinx -O0 -g3 -Wall -c -fmessage-length=0 -MMD -MP -MF"src/Utilities.d" -MT"src/Utilities.d" -o "src/Utilities.o" "../src/Utilities.cpp"
../src/Utilities.cpp: In function ‘std::__cxx11::string print_time(double)’:
../src/Utilities.cpp:22:6: warning: variable ‘us’ set but not used [-Wunused-but-set-variable]
  int us;
      ^
In file included from ../src/Utilities.h:23:0,
                 from ../src/Utilities.cpp:8:
../src/../Resources/Resources.h: At global scope:
../src/../Resources/Resources.h:30:18: warning: ‘config’ defined but not used [-Wunused-variable]
 static cmd_ln_t *config;
                  ^
../src/../Resources/Resources.h:31:22: warning: ‘ps’ defined but not used [-Wunused-variable]
 static ps_decoder_t *ps;
                      ^
../src/../Resources/Resources.h:32:14: warning: ‘rawfd’ defined but not used [-Wunused-variable]
 static FILE *rawfd;
              ^
Finished building: ../src/Utilities.cpp
 
Building file: ../Resources/Resources.cpp
Invoking: GCC C++ Compiler
g++ -I/usr/local/include/sphinxbase -I/usr/local/include/pocketsphinx -O0 -g3 -Wall -c -fmessage-length=0 -MMD -MP -MF"Resources/Resources.d" -MT"Resources/Resources.d" -o "Resources/Resources.o" "../Resources/Resources.cpp"
Finished building: ../Resources/Resources.cpp
 
Building target: Reconocimiento_voz
Invoking: GCC C++ Linker
g++ -L/usr/local/lib -o "Reconocimiento_voz"  ./src/Reconocimiento_voz.o ./src/Utilities.o  ./Resources/Resources.o   -lpocketsphinx -lsphinxbase -lsphinxad -lpulse -lpulse-simple -lpthread -lm
Finished building target: Reconocimiento_voz
 
19:38:49 **** Incremental Build of configuration Debug for project Hello_world_eclipse ****
make all 
make: No se hace nada para 'all'.
19:38:49 **** Incremental Build of configuration Debug for project Hola_mundo_CrossCompile ****
make all 
Building target: Hola_mundo_CrossCompile
Invoking: Cross G++ Linker
arm-linux-gnueabihf-g++ -L/usr/local/raspberry/lib -o "Hola_mundo_CrossCompile"  ./src/Hola_mundo_CrossCompile.o   -lpocketsphinx -lsphinxad -lsphinxbase -lm -lpthread
/home/maximofn/raspberrypi/tools/arm-bcm2708/gcc-linaro-arm-linux-gnueabihf-raspbian-x64/bin/../lib/gcc/arm-linux-gnueabihf/4.8.3/../../../../arm-linux-gnueabihf/bin/ld: warning: libasound.so.2, needed by /usr/local/raspberry/lib/libpocketsphinx.so, not found (try using -rpath or -rpath-link)
/usr/local/raspberry/lib/libsphinxad.so: referencia a `snd_pcm_readi@ALSA_0.9' sin definir
makefile:45: fallo en las instrucciones para el objetivo 'Hola_mundo_CrossCompile'
/usr/local/raspberry/lib/libsphinxad.so: referencia a `snd_pcm_hw_params_set_format@ALSA_0.9' sin definir
/usr/local/raspberry/lib/libsphinxad.so: referencia a `snd_pcm_hw_params_set_access@ALSA_0.9' sin definir
/usr/local/raspberry/lib/libsphinxad.so: referencia a `snd_pcm_hw_params_set_period_time_near@ALSA_0.9.0rc4' sin definir
/usr/local/raspberry/lib/libsphinxad.so: referencia a `snd_pcm_hw_params_sizeof@ALSA_0.9' sin definir
/usr/local/raspberry/lib/libsphinxad.so: referencia a `snd_pcm_start@ALSA_0.9' sin definir
/usr/local/raspberry/lib/libsphinxad.so: referencia a `snd_pcm_hw_params_get_buffer_time_max@ALSA_0.9.0rc4' sin definir
/usr/local/raspberry/lib/libsphinxad.so: referencia a `snd_pcm_close@ALSA_0.9' sin definir
/usr/local/raspberry/lib/libsphinxad.so: referencia a `snd_pcm_hw_params@ALSA_0.9' sin definir
/usr/local/raspberry/lib/libsphinxad.so: referencia a `snd_strerror@ALSA_0.9' sin definir
/usr/local/raspberry/lib/libsphinxad.so: referencia a `snd_pcm_hw_params_set_buffer_time_near@ALSA_0.9.0rc4' sin definir
/usr/local/raspberry/lib/libsphinxad.so: referencia a `snd_pcm_open@ALSA_0.9' sin definir
/usr/local/raspberry/lib/libsphinxad.so: referencia a `snd_pcm_resume@ALSA_0.9' sin definir
/usr/local/raspberry/lib/libsphinxad.so: referencia a `snd_pcm_hw_params_set_rate_near@ALSA_0.9.0rc4' sin definir
/usr/local/raspberry/lib/libsphinxad.so: referencia a `snd_pcm_prepare@ALSA_0.9' sin definir
/usr/local/raspberry/lib/libsphinxad.so: referencia a `snd_pcm_drop@ALSA_0.9' sin definir
/usr/local/raspberry/lib/libsphinxad.so: referencia a `snd_pcm_hw_params_any@ALSA_0.9' sin definir
/usr/local/raspberry/lib/libsphinxad.so: referencia a `snd_pcm_hw_params_set_channels@ALSA_0.9' sin definir
/usr/local/raspberry/lib/libsphinxad.so: referencia a `snd_pcm_nonblock@ALSA_0.9' sin definir
collect2: error: ld returned 1 exit status
make: *** [Hola_mundo_CrossCompile] Error 1
19:38:49 **** Incremental Build of configuration Debug for project Reconocimiento_voz ****
make all 
Building file: ../src/Reconocimiento_voz.cpp
Invoking: GCC C++ Compiler
g++ -I/usr/local/include/sphinxbase -I/usr/local/include/pocketsphinx -O0 -g3 -Wall -c -fmessage-length=0 -MMD -MP -MF"src/Reconocimiento_voz.d" -MT"src/Reconocimiento_voz.d" -o "src/Reconocimiento_voz.o" "../src/Reconocimiento_voz.cpp"
../src/Reconocimiento_voz.cpp:109:13: warning: ‘void recognize_from_microphone()’ defined but not used [-Wunused-function]
 static void recognize_from_microphone()
             ^
Finished building: ../src/Reconocimiento_voz.cpp
 
Building target: Reconocimiento_voz
Invoking: GCC C++ Linker
g++ -L/usr/local/lib -o "Reconocimiento_voz"  ./src/Reconocimiento_voz.o ./src/Utilities.o  ./Resources/Resources.o   -lpocketsphinx -lsphinxbase -lsphinxad -lpulse -lpulse-simple -lpthread -lm
Finished building target: Reconocimiento_voz
 
19:38:54 **** Incremental Build of configuration Debug for project Hello_world_eclipse ****
make all 
make: No se hace nada para 'all'.
19:38:54 **** Incremental Build of configuration Debug for project Hola_mundo_CrossCompile ****
make all 
Building target: Hola_mundo_CrossCompile
Invoking: Cross G++ Linker
arm-linux-gnueabihf-g++ -L/usr/local/raspberry/lib -o "Hola_mundo_CrossCompile"  ./src/Hola_mundo_CrossCompile.o   -lpocketsphinx -lsphinxad -lsphinxbase -lm -lpthread
/home/maximofn/raspberrypi/tools/arm-bcm2708/gcc-linaro-arm-linux-gnueabihf-raspbian-x64/bin/../lib/gcc/arm-linux-gnueabihf/4.8.3/../../../../arm-linux-gnueabihf/bin/ld: warning: libasound.so.2, needed by /usr/local/raspberry/lib/libpocketsphinx.so, not found (try using -rpath or -rpath-link)
/usr/local/raspberry/lib/libsphinxad.so: referencia a `snd_pcm_readi@ALSA_0.9' sin definir
makefile:45: fallo en las instrucciones para el objetivo 'Hola_mundo_CrossCompile'
/usr/local/raspberry/lib/libsphinxad.so: referencia a `snd_pcm_hw_params_set_format@ALSA_0.9' sin definir
/usr/local/raspberry/lib/libsphinxad.so: referencia a `snd_pcm_hw_params_set_access@ALSA_0.9' sin definir
/usr/local/raspberry/lib/libsphinxad.so: referencia a `snd_pcm_hw_params_set_period_time_near@ALSA_0.9.0rc4' sin definir
/usr/local/raspberry/lib/libsphinxad.so: referencia a `snd_pcm_hw_params_sizeof@ALSA_0.9' sin definir
/usr/local/raspberry/lib/libsphinxad.so: referencia a `snd_pcm_start@ALSA_0.9' sin definir
/usr/local/raspberry/lib/libsphinxad.so: referencia a `snd_pcm_hw_params_get_buffer_time_max@ALSA_0.9.0rc4' sin definir
/usr/local/raspberry/lib/libsphinxad.so: referencia a `snd_pcm_close@ALSA_0.9' sin definir
/usr/local/raspberry/lib/libsphinxad.so: referencia a `snd_pcm_hw_params@ALSA_0.9' sin definir
/usr/local/raspberry/lib/libsphinxad.so: referencia a `snd_strerror@ALSA_0.9' sin definir
/usr/local/raspberry/lib/libsphinxad.so: referencia a `snd_pcm_hw_params_set_buffer_time_near@ALSA_0.9.0rc4' sin definir
/usr/local/raspberry/lib/libsphinxad.so: referencia a `snd_pcm_open@ALSA_0.9' sin definir
/usr/local/raspberry/lib/libsphinxad.so: referencia a `snd_pcm_resume@ALSA_0.9' sin definir
/usr/local/raspberry/lib/libsphinxad.so: referencia a `snd_pcm_hw_params_set_rate_near@ALSA_0.9.0rc4' sin definir
/usr/local/raspberry/lib/libsphinxad.so: referencia a `snd_pcm_prepare@ALSA_0.9' sin definir
/usr/local/raspberry/lib/libsphinxad.so: referencia a `snd_pcm_drop@ALSA_0.9' sin definir
/usr/local/raspberry/lib/libsphinxad.so: referencia a `snd_pcm_hw_params_any@ALSA_0.9' sin definir
/usr/local/raspberry/lib/libsphinxad.so: referencia a `snd_pcm_hw_params_set_channels@ALSA_0.9' sin definir
/usr/local/raspberry/lib/libsphinxad.so: referencia a `snd_pcm_nonblock@ALSA_0.9' sin definir
collect2: error: ld returned 1 exit status
make: *** [Hola_mundo_CrossCompile] Error 1
19:38:54 **** Incremental Build of configuration Debug for project Reconocimiento_voz ****
make all 
Building file: ../src/Reconocimiento_voz.cpp
Invoking: GCC C++ Compiler
g++ -I/usr/local/include/sphinxbase -I/usr/local/include/pocketsphinx -O0 -g3 -Wall -c -fmessage-length=0 -MMD -MP -MF"src/Reconocimiento_voz.d" -MT"src/Reconocimiento_voz.d" -o "src/Reconocimiento_voz.o" "../src/Reconocimiento_voz.cpp"
Finished building: ../src/Reconocimiento_voz.cpp
 
Building target: Reconocimiento_voz
Invoking: GCC C++ Linker
g++ -L/usr/local/lib -o "Reconocimiento_voz"  ./src/Reconocimiento_voz.o ./src/Utilities.o  ./Resources/Resources.o   -lpocketsphinx -lsphinxbase -lsphinxad -lpulse -lpulse-simple -lpthread -lm
Finished building target: Reconocimiento_voz
 
19:39:27 **** Incremental Build of configuration Debug for project Hello_world_eclipse ****
make all 
make: No se hace nada para 'all'.
19:39:27 **** Incremental Build of configuration Debug for project Hola_mundo_CrossCompile ****
make all 
Building target: Hola_mundo_CrossCompile
Invoking: Cross G++ Linker
arm-linux-gnueabihf-g++ -L/usr/local/raspberry/lib -o "Hola_mundo_CrossCompile"  ./src/Hola_mundo_CrossCompile.o   -lpocketsphinx -lsphinxad -lsphinxbase -lm -lpthread
/home/maximofn/raspberrypi/tools/arm-bcm2708/gcc-linaro-arm-linux-gnueabihf-raspbian-x64/bin/../lib/gcc/arm-linux-gnueabihf/4.8.3/../../../../arm-linux-gnueabihf/bin/ld: warning: libasound.so.2, needed by /usr/local/raspberry/lib/libpocketsphinx.so, not found (try using -rpath or -rpath-link)
/usr/local/raspberry/lib/libsphinxad.so: referencia a `snd_pcm_readi@ALSA_0.9' sin definir
/usr/local/raspberry/lib/libsphinxad.so: referencia a `snd_pcm_hw_params_set_format@ALSA_0.9' sin definir
/usr/local/raspberry/lib/libsphinxad.so: referencia a `snd_pcm_hw_params_set_access@ALSA_0.9' sin definir
/usr/local/raspberry/lib/libsphinxad.so: referencia a `snd_pcm_hw_params_set_period_time_near@ALSA_0.9.0rc4' sin definir
/usr/local/raspberry/lib/libsphinxad.so: referencia a `snd_pcm_hw_params_sizeof@ALSA_0.9' sin definir
/usr/local/raspberry/lib/libsphinxad.so: referencia a `snd_pcm_start@ALSA_0.9' sin definir
/usr/local/raspberry/lib/libsphinxad.so: referencia a `snd_pcm_hw_params_get_buffer_time_max@ALSA_0.9.0rc4' sin definir
/usr/local/raspberry/lib/libsphinxad.so: referencia a `snd_pcm_close@ALSA_0.9' sin definir
/usr/local/raspberry/lib/libsphinxad.so: referencia a `snd_pcm_hw_params@ALSA_0.9' sin definir
makefile:45: fallo en las instrucciones para el objetivo 'Hola_mundo_CrossCompile'
/usr/local/raspberry/lib/libsphinxad.so: referencia a `snd_strerror@ALSA_0.9' sin definir
/usr/local/raspberry/lib/libsphinxad.so: referencia a `snd_pcm_hw_params_set_buffer_time_near@ALSA_0.9.0rc4' sin definir
/usr/local/raspberry/lib/libsphinxad.so: referencia a `snd_pcm_open@ALSA_0.9' sin definir
/usr/local/raspberry/lib/libsphinxad.so: referencia a `snd_pcm_resume@ALSA_0.9' sin definir
/usr/local/raspberry/lib/libsphinxad.so: referencia a `snd_pcm_hw_params_set_rate_near@ALSA_0.9.0rc4' sin definir
/usr/local/raspberry/lib/libsphinxad.so: referencia a `snd_pcm_prepare@ALSA_0.9' sin definir
/usr/local/raspberry/lib/libsphinxad.so: referencia a `snd_pcm_drop@ALSA_0.9' sin definir
/usr/local/raspberry/lib/libsphinxad.so: referencia a `snd_pcm_hw_params_any@ALSA_0.9' sin definir
/usr/local/raspberry/lib/libsphinxad.so: referencia a `snd_pcm_hw_params_set_channels@ALSA_0.9' sin definir
/usr/local/raspberry/lib/libsphinxad.so: referencia a `snd_pcm_nonblock@ALSA_0.9' sin definir
collect2: error: ld returned 1 exit status
make: *** [Hola_mundo_CrossCompile] Error 1
19:39:28 **** Incremental Build of configuration Debug for project Reconocimiento_voz ****
make all 
Building file: ../src/Reconocimiento_voz.cpp
Invoking: GCC C++ Compiler
g++ -I/usr/local/include/sphinxbase -I/usr/local/include/pocketsphinx -O0 -g3 -Wall -c -fmessage-length=0 -MMD -MP -MF"src/Reconocimiento_voz.d" -MT"src/Reconocimiento_voz.d" -o "src/Reconocimiento_voz.o" "../src/Reconocimiento_voz.cpp"
../src/Reconocimiento_voz.cpp:107:13: warning: ‘void recognize_from_microphone()’ defined but not used [-Wunused-function]
 static void recognize_from_microphone()
             ^
Finished building: ../src/Reconocimiento_voz.cpp
 
Building target: Reconocimiento_voz
Invoking: GCC C++ Linker
g++ -L/usr/local/lib -o "Reconocimiento_voz"  ./src/Reconocimiento_voz.o ./src/Utilities.o  ./Resources/Resources.o   -lpocketsphinx -lsphinxbase -lsphinxad -lpulse -lpulse-simple -lpthread -lm
Finished building target: Reconocimiento_voz
 
19:39:51 **** Incremental Build of configuration Debug for project Hello_world_eclipse ****
make all 
make: No se hace nada para 'all'.
19:39:51 **** Incremental Build of configuration Debug for project Hola_mundo_CrossCompile ****
make all 
Building target: Hola_mundo_CrossCompile
Invoking: Cross G++ Linker
arm-linux-gnueabihf-g++ -L/usr/local/raspberry/lib -o "Hola_mundo_CrossCompile"  ./src/Hola_mundo_CrossCompile.o   -lpocketsphinx -lsphinxad -lsphinxbase -lm -lpthread
/home/maximofn/raspberrypi/tools/arm-bcm2708/gcc-linaro-arm-linux-gnueabihf-raspbian-x64/bin/../lib/gcc/arm-linux-gnueabihf/4.8.3/../../../../arm-linux-gnueabihf/bin/ld: warning: libasound.so.2, needed by /usr/local/raspberry/lib/libpocketsphinx.so, not found (try using -rpath or -rpath-link)
makefile:45: fallo en las instrucciones para el objetivo 'Hola_mundo_CrossCompile'
/usr/local/raspberry/lib/libsphinxad.so: referencia a `snd_pcm_readi@ALSA_0.9' sin definir
/usr/local/raspberry/lib/libsphinxad.so: referencia a `snd_pcm_hw_params_set_format@ALSA_0.9' sin definir
/usr/local/raspberry/lib/libsphinxad.so: referencia a `snd_pcm_hw_params_set_access@ALSA_0.9' sin definir
/usr/local/raspberry/lib/libsphinxad.so: referencia a `snd_pcm_hw_params_set_period_time_near@ALSA_0.9.0rc4' sin definir
/usr/local/raspberry/lib/libsphinxad.so: referencia a `snd_pcm_hw_params_sizeof@ALSA_0.9' sin definir
/usr/local/raspberry/lib/libsphinxad.so: referencia a `snd_pcm_start@ALSA_0.9' sin definir
/usr/local/raspberry/lib/libsphinxad.so: referencia a `snd_pcm_hw_params_get_buffer_time_max@ALSA_0.9.0rc4' sin definir
/usr/local/raspberry/lib/libsphinxad.so: referencia a `snd_pcm_close@ALSA_0.9' sin definir
/usr/local/raspberry/lib/libsphinxad.so: referencia a `snd_pcm_hw_params@ALSA_0.9' sin definir
/usr/local/raspberry/lib/libsphinxad.so: referencia a `snd_strerror@ALSA_0.9' sin definir
/usr/local/raspberry/lib/libsphinxad.so: referencia a `snd_pcm_hw_params_set_buffer_time_near@ALSA_0.9.0rc4' sin definir
/usr/local/raspberry/lib/libsphinxad.so: referencia a `snd_pcm_open@ALSA_0.9' sin definir
/usr/local/raspberry/lib/libsphinxad.so: referencia a `snd_pcm_resume@ALSA_0.9' sin definir
/usr/local/raspberry/lib/libsphinxad.so: referencia a `snd_pcm_hw_params_set_rate_near@ALSA_0.9.0rc4' sin definir
/usr/local/raspberry/lib/libsphinxad.so: referencia a `snd_pcm_prepare@ALSA_0.9' sin definir
/usr/local/raspberry/lib/libsphinxad.so: referencia a `snd_pcm_drop@ALSA_0.9' sin definir
/usr/local/raspberry/lib/libsphinxad.so: referencia a `snd_pcm_hw_params_any@ALSA_0.9' sin definir
/usr/local/raspberry/lib/libsphinxad.so: referencia a `snd_pcm_hw_params_set_channels@ALSA_0.9' sin definir
/usr/local/raspberry/lib/libsphinxad.so: referencia a `snd_pcm_nonblock@ALSA_0.9' sin definir
collect2: error: ld returned 1 exit status
make: *** [Hola_mundo_CrossCompile] Error 1
19:39:52 **** Incremental Build of configuration Debug for project Reconocimiento_voz ****
make all 
Building file: ../src/Reconocimiento_voz.cpp
Invoking: GCC C++ Compiler
g++ -I/usr/local/include/sphinxbase -I/usr/local/include/pocketsphinx -O0 -g3 -Wall -c -fmessage-length=0 -MMD -MP -MF"src/Reconocimiento_voz.d" -MT"src/Reconocimiento_voz.d" -o "src/Reconocimiento_voz.o" "../src/Reconocimiento_voz.cpp"
../src/Reconocimiento_voz.cpp: In function ‘int main(int, char**)’:
../src/Reconocimiento_voz.cpp:51:14: warning: unused variable ‘cfg_argfile’ [-Wunused-variable]
  char const *cfg_argfile, *cfg_infile;
              ^
../src/Reconocimiento_voz.cpp:51:28: warning: unused variable ‘cfg_infile’ [-Wunused-variable]
  char const *cfg_argfile, *cfg_infile;
                            ^
../src/Reconocimiento_voz.cpp:52:7: warning: unused variable ‘cfg_inmic’ [-Wunused-variable]
  bool cfg_inmic;
       ^
../src/Reconocimiento_voz.cpp: At global scope:
../src/Reconocimiento_voz.cpp:107:13: warning: ‘void recognize_from_microphone()’ defined but not used [-Wunused-function]
 static void recognize_from_microphone()
             ^
Finished building: ../src/Reconocimiento_voz.cpp
 
Building target: Reconocimiento_voz
Invoking: GCC C++ Linker
g++ -L/usr/local/lib -o "Reconocimiento_voz"  ./src/Reconocimiento_voz.o ./src/Utilities.o  ./Resources/Resources.o   -lpocketsphinx -lsphinxbase -lsphinxad -lpulse -lpulse-simple -lpthread -lm
Finished building target: Reconocimiento_voz
 
19:40:27 **** Incremental Build of configuration Debug for project Hello_world_eclipse ****
make all 
make: No se hace nada para 'all'.
19:40:27 **** Incremental Build of configuration Debug for project Hola_mundo_CrossCompile ****
make all 
Building target: Hola_mundo_CrossCompile
Invoking: Cross G++ Linker
arm-linux-gnueabihf-g++ -L/usr/local/raspberry/lib -o "Hola_mundo_CrossCompile"  ./src/Hola_mundo_CrossCompile.o   -lpocketsphinx -lsphinxad -lsphinxbase -lm -lpthread
/home/maximofn/raspberrypi/tools/arm-bcm2708/gcc-linaro-arm-linux-gnueabihf-raspbian-x64/bin/../lib/gcc/arm-linux-gnueabihf/4.8.3/../../../../arm-linux-gnueabihf/bin/ld: warning: libasound.so.2, needed by /usr/local/raspberry/lib/libpocketsphinx.so, not found (try using -rpath or -rpath-link)
makefile:45: fallo en las instrucciones para el objetivo 'Hola_mundo_CrossCompile'
/usr/local/raspberry/lib/libsphinxad.so: referencia a `snd_pcm_readi@ALSA_0.9' sin definir
/usr/local/raspberry/lib/libsphinxad.so: referencia a `snd_pcm_hw_params_set_format@ALSA_0.9' sin definir
/usr/local/raspberry/lib/libsphinxad.so: referencia a `snd_pcm_hw_params_set_access@ALSA_0.9' sin definir
/usr/local/raspberry/lib/libsphinxad.so: referencia a `snd_pcm_hw_params_set_period_time_near@ALSA_0.9.0rc4' sin definir
/usr/local/raspberry/lib/libsphinxad.so: referencia a `snd_pcm_hw_params_sizeof@ALSA_0.9' sin definir
/usr/local/raspberry/lib/libsphinxad.so: referencia a `snd_pcm_start@ALSA_0.9' sin definir
/usr/local/raspberry/lib/libsphinxad.so: referencia a `snd_pcm_hw_params_get_buffer_time_max@ALSA_0.9.0rc4' sin definir
/usr/local/raspberry/lib/libsphinxad.so: referencia a `snd_pcm_close@ALSA_0.9' sin definir
/usr/local/raspberry/lib/libsphinxad.so: referencia a `snd_pcm_hw_params@ALSA_0.9' sin definir
/usr/local/raspberry/lib/libsphinxad.so: referencia a `snd_strerror@ALSA_0.9' sin definir
/usr/local/raspberry/lib/libsphinxad.so: referencia a `snd_pcm_hw_params_set_buffer_time_near@ALSA_0.9.0rc4' sin definir
/usr/local/raspberry/lib/libsphinxad.so: referencia a `snd_pcm_open@ALSA_0.9' sin definir
/usr/local/raspberry/lib/libsphinxad.so: referencia a `snd_pcm_resume@ALSA_0.9' sin definir
/usr/local/raspberry/lib/libsphinxad.so: referencia a `snd_pcm_hw_params_set_rate_near@ALSA_0.9.0rc4' sin definir
/usr/local/raspberry/lib/libsphinxad.so: referencia a `snd_pcm_prepare@ALSA_0.9' sin definir
/usr/local/raspberry/lib/libsphinxad.so: referencia a `snd_pcm_drop@ALSA_0.9' sin definir
/usr/local/raspberry/lib/libsphinxad.so: referencia a `snd_pcm_hw_params_any@ALSA_0.9' sin definir
/usr/local/raspberry/lib/libsphinxad.so: referencia a `snd_pcm_hw_params_set_channels@ALSA_0.9' sin definir
/usr/local/raspberry/lib/libsphinxad.so: referencia a `snd_pcm_nonblock@ALSA_0.9' sin definir
collect2: error: ld returned 1 exit status
make: *** [Hola_mundo_CrossCompile] Error 1
19:40:28 **** Incremental Build of configuration Debug for project Reconocimiento_voz ****
make all 
Building target: Reconocimiento_voz
Invoking: GCC C++ Linker
g++ -L/usr/local/lib -o "Reconocimiento_voz"  ./src/Reconocimiento_voz.o ./src/Utilities.o  ./Resources/Resources.o   -lpocketsphinx -lsphinxbase -lsphinxad -lpulse -lpulse-simple -lpthread -lm
Finished building target: Reconocimiento_voz
 
19:41:26 **** Incremental Build of configuration Debug for project Hello_world_eclipse ****
make all 
make: No se hace nada para 'all'.
19:41:27 **** Incremental Build of configuration Debug for project Hola_mundo_CrossCompile ****
make all 
Building target: Hola_mundo_CrossCompile
Invoking: Cross G++ Linker
arm-linux-gnueabihf-g++ -L/usr/local/raspberry/lib -o "Hola_mundo_CrossCompile"  ./src/Hola_mundo_CrossCompile.o   -lpocketsphinx -lsphinxad -lsphinxbase -lm -lpthread
/home/maximofn/raspberrypi/tools/arm-bcm2708/gcc-linaro-arm-linux-gnueabihf-raspbian-x64/bin/../lib/gcc/arm-linux-gnueabihf/4.8.3/../../../../arm-linux-gnueabihf/bin/ld: warning: libasound.so.2, needed by /usr/local/raspberry/lib/libpocketsphinx.so, not found (try using -rpath or -rpath-link)
makefile:45: fallo en las instrucciones para el objetivo 'Hola_mundo_CrossCompile'
/usr/local/raspberry/lib/libsphinxad.so: referencia a `snd_pcm_readi@ALSA_0.9' sin definir
/usr/local/raspberry/lib/libsphinxad.so: referencia a `snd_pcm_hw_params_set_format@ALSA_0.9' sin definir
/usr/local/raspberry/lib/libsphinxad.so: referencia a `snd_pcm_hw_params_set_access@ALSA_0.9' sin definir
/usr/local/raspberry/lib/libsphinxad.so: referencia a `snd_pcm_hw_params_set_period_time_near@ALSA_0.9.0rc4' sin definir
/usr/local/raspberry/lib/libsphinxad.so: referencia a `snd_pcm_hw_params_sizeof@ALSA_0.9' sin definir
/usr/local/raspberry/lib/libsphinxad.so: referencia a `snd_pcm_start@ALSA_0.9' sin definir
/usr/local/raspberry/lib/libsphinxad.so: referencia a `snd_pcm_hw_params_get_buffer_time_max@ALSA_0.9.0rc4' sin definir
/usr/local/raspberry/lib/libsphinxad.so: referencia a `snd_pcm_close@ALSA_0.9' sin definir
/usr/local/raspberry/lib/libsphinxad.so: referencia a `snd_pcm_hw_params@ALSA_0.9' sin definir
/usr/local/raspberry/lib/libsphinxad.so: referencia a `snd_strerror@ALSA_0.9' sin definir
/usr/local/raspberry/lib/libsphinxad.so: referencia a `snd_pcm_hw_params_set_buffer_time_near@ALSA_0.9.0rc4' sin definir
/usr/local/raspberry/lib/libsphinxad.so: referencia a `snd_pcm_open@ALSA_0.9' sin definir
/usr/local/raspberry/lib/libsphinxad.so: referencia a `snd_pcm_resume@ALSA_0.9' sin definir
/usr/local/raspberry/lib/libsphinxad.so: referencia a `snd_pcm_hw_params_set_rate_near@ALSA_0.9.0rc4' sin definir
/usr/local/raspberry/lib/libsphinxad.so: referencia a `snd_pcm_prepare@ALSA_0.9' sin definir
/usr/local/raspberry/lib/libsphinxad.so: referencia a `snd_pcm_drop@ALSA_0.9' sin definir
/usr/local/raspberry/lib/libsphinxad.so: referencia a `snd_pcm_hw_params_any@ALSA_0.9' sin definir
/usr/local/raspberry/lib/libsphinxad.so: referencia a `snd_pcm_hw_params_set_channels@ALSA_0.9' sin definir
/usr/local/raspberry/lib/libsphinxad.so: referencia a `snd_pcm_nonblock@ALSA_0.9' sin definir
collect2: error: ld returned 1 exit status
make: *** [Hola_mundo_CrossCompile] Error 1
19:41:27 **** Incremental Build of configuration Debug for project Reconocimiento_voz ****
make all 
Building file: ../src/Reconocimiento_voz.cpp
Invoking: GCC C++ Compiler
g++ -I/usr/local/include/sphinxbase -I/usr/local/include/pocketsphinx -O0 -g3 -Wall -c -fmessage-length=0 -MMD -MP -MF"src/Reconocimiento_voz.d" -MT"src/Reconocimiento_voz.d" -o "src/Reconocimiento_voz.o" "../src/Reconocimiento_voz.cpp"
../src/Reconocimiento_voz.cpp: In function ‘int main(int, char**)’:
../src/Reconocimiento_voz.cpp:51:14: warning: unused variable ‘cfg_argfile’ [-Wunused-variable]
  char const *cfg_argfile, *cfg_infile;
              ^
../src/Reconocimiento_voz.cpp:51:28: warning: unused variable ‘cfg_infile’ [-Wunused-variable]
  char const *cfg_argfile, *cfg_infile;
                            ^
../src/Reconocimiento_voz.cpp:52:7: warning: unused variable ‘cfg_inmic’ [-Wunused-variable]
  bool cfg_inmic;
       ^
../src/Reconocimiento_voz.cpp: At global scope:
../src/Reconocimiento_voz.cpp:107:13: warning: ‘void recognize_from_microphone()’ defined but not used [-Wunused-function]
 static void recognize_from_microphone()
             ^
Finished building: ../src/Reconocimiento_voz.cpp
 
Building target: Reconocimiento_voz
Invoking: GCC C++ Linker
g++ -L/usr/local/lib -o "Reconocimiento_voz"  ./src/Reconocimiento_voz.o ./src/Utilities.o  ./Resources/Resources.o   -lpocketsphinx -lsphinxbase -lsphinxad -lpulse -lpulse-simple -lpthread -lm
Finished building target: Reconocimiento_voz
 
19:42:29 **** Incremental Build of configuration Debug for project Hello_world_eclipse ****
make all 
make: No se hace nada para 'all'.
19:42:29 **** Incremental Build of configuration Debug for project Hola_mundo_CrossCompile ****
make all 
Building target: Hola_mundo_CrossCompile
Invoking: Cross G++ Linker
arm-linux-gnueabihf-g++ -L/usr/local/raspberry/lib -o "Hola_mundo_CrossCompile"  ./src/Hola_mundo_CrossCompile.o   -lpocketsphinx -lsphinxad -lsphinxbase -lm -lpthread
/home/maximofn/raspberrypi/tools/arm-bcm2708/gcc-linaro-arm-linux-gnueabihf-raspbian-x64/bin/../lib/gcc/arm-linux-gnueabihf/4.8.3/../../../../arm-linux-gnueabihf/bin/ld: warning: libasound.so.2, needed by /usr/local/raspberry/lib/libpocketsphinx.so, not found (try using -rpath or -rpath-link)
makefile:45: fallo en las instrucciones para el objetivo 'Hola_mundo_CrossCompile'
/usr/local/raspberry/lib/libsphinxad.so: referencia a `snd_pcm_readi@ALSA_0.9' sin definir
/usr/local/raspberry/lib/libsphinxad.so: referencia a `snd_pcm_hw_params_set_format@ALSA_0.9' sin definir
/usr/local/raspberry/lib/libsphinxad.so: referencia a `snd_pcm_hw_params_set_access@ALSA_0.9' sin definir
/usr/local/raspberry/lib/libsphinxad.so: referencia a `snd_pcm_hw_params_set_period_time_near@ALSA_0.9.0rc4' sin definir
/usr/local/raspberry/lib/libsphinxad.so: referencia a `snd_pcm_hw_params_sizeof@ALSA_0.9' sin definir
/usr/local/raspberry/lib/libsphinxad.so: referencia a `snd_pcm_start@ALSA_0.9' sin definir
/usr/local/raspberry/lib/libsphinxad.so: referencia a `snd_pcm_hw_params_get_buffer_time_max@ALSA_0.9.0rc4' sin definir
/usr/local/raspberry/lib/libsphinxad.so: referencia a `snd_pcm_close@ALSA_0.9' sin definir
/usr/local/raspberry/lib/libsphinxad.so: referencia a `snd_pcm_hw_params@ALSA_0.9' sin definir
/usr/local/raspberry/lib/libsphinxad.so: referencia a `snd_strerror@ALSA_0.9' sin definir
/usr/local/raspberry/lib/libsphinxad.so: referencia a `snd_pcm_hw_params_set_buffer_time_near@ALSA_0.9.0rc4' sin definir
/usr/local/raspberry/lib/libsphinxad.so: referencia a `snd_pcm_open@ALSA_0.9' sin definir
/usr/local/raspberry/lib/libsphinxad.so: referencia a `snd_pcm_resume@ALSA_0.9' sin definir
/usr/local/raspberry/lib/libsphinxad.so: referencia a `snd_pcm_hw_params_set_rate_near@ALSA_0.9.0rc4' sin definir
/usr/local/raspberry/lib/libsphinxad.so: referencia a `snd_pcm_prepare@ALSA_0.9' sin definir
/usr/local/raspberry/lib/libsphinxad.so: referencia a `snd_pcm_drop@ALSA_0.9' sin definir
/usr/local/raspberry/lib/libsphinxad.so: referencia a `snd_pcm_hw_params_any@ALSA_0.9' sin definir
/usr/local/raspberry/lib/libsphinxad.so: referencia a `snd_pcm_hw_params_set_channels@ALSA_0.9' sin definir
/usr/local/raspberry/lib/libsphinxad.so: referencia a `snd_pcm_nonblock@ALSA_0.9' sin definir
collect2: error: ld returned 1 exit status
make: *** [Hola_mundo_CrossCompile] Error 1
19:42:30 **** Incremental Build of configuration Debug for project Reconocimiento_voz ****
make all 
Building file: ../src/Reconocimiento_voz.cpp
Invoking: GCC C++ Compiler
g++ -I/usr/local/include/sphinxbase -I/usr/local/include/pocketsphinx -O0 -g3 -Wall -c -fmessage-length=0 -MMD -MP -MF"src/Reconocimiento_voz.d" -MT"src/Reconocimiento_voz.d" -o "src/Reconocimiento_voz.o" "../src/Reconocimiento_voz.cpp"
../src/Reconocimiento_voz.cpp: In function ‘int main(int, char**)’:
../src/Reconocimiento_voz.cpp:51:14: warning: unused variable ‘cfg_argfile’ [-Wunused-variable]
  char const *cfg_argfile, *cfg_infile;
              ^
../src/Reconocimiento_voz.cpp:51:28: warning: unused variable ‘cfg_infile’ [-Wunused-variable]
  char const *cfg_argfile, *cfg_infile;
                            ^
../src/Reconocimiento_voz.cpp:52:7: warning: unused variable ‘cfg_inmic’ [-Wunused-variable]
  bool cfg_inmic;
       ^
../src/Reconocimiento_voz.cpp: At global scope:
../src/Reconocimiento_voz.cpp:107:13: warning: ‘void recognize_from_microphone()’ defined but not used [-Wunused-function]
 static void recognize_from_microphone()
             ^
Finished building: ../src/Reconocimiento_voz.cpp
 
Building target: Reconocimiento_voz
Invoking: GCC C++ Linker
g++ -L/usr/local/lib -o "Reconocimiento_voz"  ./src/Reconocimiento_voz.o ./src/Utilities.o  ./Resources/Resources.o   -lpocketsphinx -lsphinxbase -lsphinxad -lpulse -lpulse-simple -lpthread -lm
Finished building target: Reconocimiento_voz
 
19:42:49 **** Incremental Build of configuration Debug for project Hello_world_eclipse ****
make all 
make: No se hace nada para 'all'.
19:42:49 **** Incremental Build of configuration Debug for project Hola_mundo_CrossCompile ****
make all 
Building target: Hola_mundo_CrossCompile
Invoking: Cross G++ Linker
arm-linux-gnueabihf-g++ -L/usr/local/raspberry/lib -o "Hola_mundo_CrossCompile"  ./src/Hola_mundo_CrossCompile.o   -lpocketsphinx -lsphinxad -lsphinxbase -lm -lpthread
/home/maximofn/raspberrypi/tools/arm-bcm2708/gcc-linaro-arm-linux-gnueabihf-raspbian-x64/bin/../lib/gcc/arm-linux-gnueabihf/4.8.3/../../../../arm-linux-gnueabihf/bin/ld: warning: libasound.so.2, needed by /usr/local/raspberry/lib/libpocketsphinx.so, not found (try using -rpath or -rpath-link)
/usr/local/raspberry/lib/libsphinxad.so: referencia a `snd_pcm_readi@ALSA_0.9' sin definir
/usr/local/raspberry/lib/libsphinxad.so: referencia a `snd_pcm_hw_params_set_format@ALSA_0.9' sin definir
/usr/local/raspberry/lib/libsphinxad.so: referencia a `snd_pcm_hw_params_set_access@ALSA_0.9' sin definir
/usr/local/raspberry/lib/libsphinxad.so: referencia a `snd_pcm_hw_params_set_period_time_near@ALSA_0.9.0rc4' sin definir
/usr/local/raspberry/lib/libsphinxad.so: referencia a `snd_pcm_hw_params_sizeof@ALSA_0.9' sin definir
/usr/local/raspberry/lib/libsphinxad.so: referencia a `snd_pcm_start@ALSA_0.9' sin definir
/usr/local/raspberry/lib/libsphinxad.so: referencia a `snd_pcm_hw_params_get_buffer_time_max@ALSA_0.9.0rc4' sin definir
/usr/local/raspberry/lib/libsphinxad.so: referencia a `snd_pcm_close@ALSA_0.9' sin definir
/usr/local/raspberry/lib/libsphinxad.so: referencia a `snd_pcm_hw_params@ALSA_0.9' sin definir
/usr/local/raspberry/lib/libsphinxad.so: referencia a `snd_strerror@ALSA_0.9' sin definir
/usr/local/raspberry/lib/libsphinxad.so: referencia a `snd_pcm_hw_params_set_buffer_time_near@ALSA_0.9.0rc4' sin definir
/usr/local/raspberry/lib/libsphinxad.so: referencia a `snd_pcm_open@ALSA_0.9' sin definir
/usr/local/raspberry/lib/libsphinxad.so: referencia a `snd_pcm_resume@ALSA_0.9' sin definir
/usr/local/raspberry/lib/libsphinxad.so: referencia a `snd_pcm_hw_params_set_rate_near@ALSA_0.9.0rc4' sin definir
/usr/local/raspberry/lib/libsphinxad.so: referencia a `snd_pcm_prepare@ALSA_0.9' sin definir
/usr/local/raspberry/lib/libsphinxad.so: referencia a `snd_pcm_drop@ALSA_0.9' sin definir
/usr/local/raspberry/lib/libsphinxad.so: referencia a `snd_pcm_hw_params_any@ALSA_0.9' sin definir
/usr/local/raspberry/lib/libsphinxad.so: referencia a `snd_pcm_hw_params_set_channels@ALSA_0.9' sin definir
makefile:45: fallo en las instrucciones para el objetivo 'Hola_mundo_CrossCompile'
/usr/local/raspberry/lib/libsphinxad.so: referencia a `snd_pcm_nonblock@ALSA_0.9' sin definir
collect2: error: ld returned 1 exit status
make: *** [Hola_mundo_CrossCompile] Error 1
19:42:49 **** Incremental Build of configuration Debug for project Reconocimiento_voz ****
make all 
Building file: ../src/Reconocimiento_voz.cpp
Invoking: GCC C++ Compiler
g++ -I/usr/local/include/sphinxbase -I/usr/local/include/pocketsphinx -O0 -g3 -Wall -c -fmessage-length=0 -MMD -MP -MF"src/Reconocimiento_voz.d" -MT"src/Reconocimiento_voz.d" -o "src/Reconocimiento_voz.o" "../src/Reconocimiento_voz.cpp"
../src/Reconocimiento_voz.cpp: In function ‘int main(int, char**)’:
../src/Reconocimiento_voz.cpp:51:28: warning: unused variable ‘cfg_infile’ [-Wunused-variable]
  char const *cfg_argfile, *cfg_infile;
                            ^
../src/Reconocimiento_voz.cpp:52:7: warning: unused variable ‘cfg_inmic’ [-Wunused-variable]
  bool cfg_inmic;
       ^
../src/Reconocimiento_voz.cpp: At global scope:
../src/Reconocimiento_voz.cpp:107:13: warning: ‘void recognize_from_microphone()’ defined but not used [-Wunused-function]
 static void recognize_from_microphone()
             ^
Finished building: ../src/Reconocimiento_voz.cpp
 
Building target: Reconocimiento_voz
Invoking: GCC C++ Linker
g++ -L/usr/local/lib -o "Reconocimiento_voz"  ./src/Reconocimiento_voz.o ./src/Utilities.o  ./Resources/Resources.o   -lpocketsphinx -lsphinxbase -lsphinxad -lpulse -lpulse-simple -lpthread -lm
Finished building target: Reconocimiento_voz
 
19:43:17 **** Incremental Build of configuration Debug for project Hello_world_eclipse ****
make all 
make: No se hace nada para 'all'.
19:43:18 **** Incremental Build of configuration Debug for project Hola_mundo_CrossCompile ****
make all 
Building target: Hola_mundo_CrossCompile
Invoking: Cross G++ Linker
arm-linux-gnueabihf-g++ -L/usr/local/raspberry/lib -o "Hola_mundo_CrossCompile"  ./src/Hola_mundo_CrossCompile.o   -lpocketsphinx -lsphinxad -lsphinxbase -lm -lpthread
/home/maximofn/raspberrypi/tools/arm-bcm2708/gcc-linaro-arm-linux-gnueabihf-raspbian-x64/bin/../lib/gcc/arm-linux-gnueabihf/4.8.3/../../../../arm-linux-gnueabihf/bin/ld: warning: libasound.so.2, needed by /usr/local/raspberry/lib/libpocketsphinx.so, not found (try using -rpath or -rpath-link)
/usr/local/raspberry/lib/libsphinxad.so: referencia a `snd_pcm_readi@ALSA_0.9' sin definir
makefile:45: fallo en las instrucciones para el objetivo 'Hola_mundo_CrossCompile'
/usr/local/raspberry/lib/libsphinxad.so: referencia a `snd_pcm_hw_params_set_format@ALSA_0.9' sin definir
/usr/local/raspberry/lib/libsphinxad.so: referencia a `snd_pcm_hw_params_set_access@ALSA_0.9' sin definir
/usr/local/raspberry/lib/libsphinxad.so: referencia a `snd_pcm_hw_params_set_period_time_near@ALSA_0.9.0rc4' sin definir
/usr/local/raspberry/lib/libsphinxad.so: referencia a `snd_pcm_hw_params_sizeof@ALSA_0.9' sin definir
/usr/local/raspberry/lib/libsphinxad.so: referencia a `snd_pcm_start@ALSA_0.9' sin definir
/usr/local/raspberry/lib/libsphinxad.so: referencia a `snd_pcm_hw_params_get_buffer_time_max@ALSA_0.9.0rc4' sin definir
/usr/local/raspberry/lib/libsphinxad.so: referencia a `snd_pcm_close@ALSA_0.9' sin definir
/usr/local/raspberry/lib/libsphinxad.so: referencia a `snd_pcm_hw_params@ALSA_0.9' sin definir
/usr/local/raspberry/lib/libsphinxad.so: referencia a `snd_strerror@ALSA_0.9' sin definir
/usr/local/raspberry/lib/libsphinxad.so: referencia a `snd_pcm_hw_params_set_buffer_time_near@ALSA_0.9.0rc4' sin definir
/usr/local/raspberry/lib/libsphinxad.so: referencia a `snd_pcm_open@ALSA_0.9' sin definir
/usr/local/raspberry/lib/libsphinxad.so: referencia a `snd_pcm_resume@ALSA_0.9' sin definir
/usr/local/raspberry/lib/libsphinxad.so: referencia a `snd_pcm_hw_params_set_rate_near@ALSA_0.9.0rc4' sin definir
/usr/local/raspberry/lib/libsphinxad.so: referencia a `snd_pcm_prepare@ALSA_0.9' sin definir
/usr/local/raspberry/lib/libsphinxad.so: referencia a `snd_pcm_drop@ALSA_0.9' sin definir
/usr/local/raspberry/lib/libsphinxad.so: referencia a `snd_pcm_hw_params_any@ALSA_0.9' sin definir
/usr/local/raspberry/lib/libsphinxad.so: referencia a `snd_pcm_hw_params_set_channels@ALSA_0.9' sin definir
/usr/local/raspberry/lib/libsphinxad.so: referencia a `snd_pcm_nonblock@ALSA_0.9' sin definir
collect2: error: ld returned 1 exit status
make: *** [Hola_mundo_CrossCompile] Error 1
19:43:18 **** Incremental Build of configuration Debug for project Reconocimiento_voz ****
make all 
Building file: ../src/Reconocimiento_voz.cpp
Invoking: GCC C++ Compiler
g++ -I/usr/local/include/sphinxbase -I/usr/local/include/pocketsphinx -O0 -g3 -Wall -c -fmessage-length=0 -MMD -MP -MF"src/Reconocimiento_voz.d" -MT"src/Reconocimiento_voz.d" -o "src/Reconocimiento_voz.o" "../src/Reconocimiento_voz.cpp"
../src/Reconocimiento_voz.cpp: In function ‘int main(int, char**)’:
../src/Reconocimiento_voz.cpp:51:28: warning: unused variable ‘cfg_infile’ [-Wunused-variable]
  char const *cfg_argfile, *cfg_infile;
                            ^
../src/Reconocimiento_voz.cpp:52:7: warning: unused variable ‘cfg_inmic’ [-Wunused-variable]
  bool cfg_inmic;
       ^
../src/Reconocimiento_voz.cpp: At global scope:
../src/Reconocimiento_voz.cpp:108:13: warning: ‘void recognize_from_microphone()’ defined but not used [-Wunused-function]
 static void recognize_from_microphone()
             ^
Finished building: ../src/Reconocimiento_voz.cpp
 
Building target: Reconocimiento_voz
Invoking: GCC C++ Linker
g++ -L/usr/local/lib -o "Reconocimiento_voz"  ./src/Reconocimiento_voz.o ./src/Utilities.o  ./Resources/Resources.o   -lpocketsphinx -lsphinxbase -lsphinxad -lpulse -lpulse-simple -lpthread -lm
Finished building target: Reconocimiento_voz
 
19:43:36 **** Incremental Build of configuration Debug for project Hello_world_eclipse ****
make all 
make: No se hace nada para 'all'.
19:43:36 **** Incremental Build of configuration Debug for project Hola_mundo_CrossCompile ****
make all 
Building target: Hola_mundo_CrossCompile
Invoking: Cross G++ Linker
arm-linux-gnueabihf-g++ -L/usr/local/raspberry/lib -o "Hola_mundo_CrossCompile"  ./src/Hola_mundo_CrossCompile.o   -lpocketsphinx -lsphinxad -lsphinxbase -lm -lpthread
/home/maximofn/raspberrypi/tools/arm-bcm2708/gcc-linaro-arm-linux-gnueabihf-raspbian-x64/bin/../lib/gcc/arm-linux-gnueabihf/4.8.3/../../../../arm-linux-gnueabihf/bin/ld: warning: libasound.so.2, needed by /usr/local/raspberry/lib/libpocketsphinx.so, not found (try using -rpath or -rpath-link)
makefile:45: fallo en las instrucciones para el objetivo 'Hola_mundo_CrossCompile'
/usr/local/raspberry/lib/libsphinxad.so: referencia a `snd_pcm_readi@ALSA_0.9' sin definir
/usr/local/raspberry/lib/libsphinxad.so: referencia a `snd_pcm_hw_params_set_format@ALSA_0.9' sin definir
/usr/local/raspberry/lib/libsphinxad.so: referencia a `snd_pcm_hw_params_set_access@ALSA_0.9' sin definir
/usr/local/raspberry/lib/libsphinxad.so: referencia a `snd_pcm_hw_params_set_period_time_near@ALSA_0.9.0rc4' sin definir
/usr/local/raspberry/lib/libsphinxad.so: referencia a `snd_pcm_hw_params_sizeof@ALSA_0.9' sin definir
/usr/local/raspberry/lib/libsphinxad.so: referencia a `snd_pcm_start@ALSA_0.9' sin definir
/usr/local/raspberry/lib/libsphinxad.so: referencia a `snd_pcm_hw_params_get_buffer_time_max@ALSA_0.9.0rc4' sin definir
/usr/local/raspberry/lib/libsphinxad.so: referencia a `snd_pcm_close@ALSA_0.9' sin definir
/usr/local/raspberry/lib/libsphinxad.so: referencia a `snd_pcm_hw_params@ALSA_0.9' sin definir
/usr/local/raspberry/lib/libsphinxad.so: referencia a `snd_strerror@ALSA_0.9' sin definir
/usr/local/raspberry/lib/libsphinxad.so: referencia a `snd_pcm_hw_params_set_buffer_time_near@ALSA_0.9.0rc4' sin definir
/usr/local/raspberry/lib/libsphinxad.so: referencia a `snd_pcm_open@ALSA_0.9' sin definir
/usr/local/raspberry/lib/libsphinxad.so: referencia a `snd_pcm_resume@ALSA_0.9' sin definir
/usr/local/raspberry/lib/libsphinxad.so: referencia a `snd_pcm_hw_params_set_rate_near@ALSA_0.9.0rc4' sin definir
/usr/local/raspberry/lib/libsphinxad.so: referencia a `snd_pcm_prepare@ALSA_0.9' sin definir
/usr/local/raspberry/lib/libsphinxad.so: referencia a `snd_pcm_drop@ALSA_0.9' sin definir
/usr/local/raspberry/lib/libsphinxad.so: referencia a `snd_pcm_hw_params_any@ALSA_0.9' sin definir
/usr/local/raspberry/lib/libsphinxad.so: referencia a `snd_pcm_hw_params_set_channels@ALSA_0.9' sin definir
/usr/local/raspberry/lib/libsphinxad.so: referencia a `snd_pcm_nonblock@ALSA_0.9' sin definir
collect2: error: ld returned 1 exit status
make: *** [Hola_mundo_CrossCompile] Error 1
19:43:37 **** Incremental Build of configuration Debug for project Reconocimiento_voz ****
make all 
Building file: ../src/Reconocimiento_voz.cpp
Invoking: GCC C++ Compiler
g++ -I/usr/local/include/sphinxbase -I/usr/local/include/pocketsphinx -O0 -g3 -Wall -c -fmessage-length=0 -MMD -MP -MF"src/Reconocimiento_voz.d" -MT"src/Reconocimiento_voz.d" -o "src/Reconocimiento_voz.o" "../src/Reconocimiento_voz.cpp"
../src/Reconocimiento_voz.cpp: In function ‘int main(int, char**)’:
../src/Reconocimiento_voz.cpp:51:28: warning: unused variable ‘cfg_infile’ [-Wunused-variable]
  char const *cfg_argfile, *cfg_infile;
                            ^
../src/Reconocimiento_voz.cpp:52:7: warning: unused variable ‘cfg_inmic’ [-Wunused-variable]
  bool cfg_inmic;
       ^
../src/Reconocimiento_voz.cpp: At global scope:
../src/Reconocimiento_voz.cpp:108:13: warning: ‘void recognize_from_microphone()’ defined but not used [-Wunused-function]
 static void recognize_from_microphone()
             ^
Finished building: ../src/Reconocimiento_voz.cpp
 
Building target: Reconocimiento_voz
Invoking: GCC C++ Linker
g++ -L/usr/local/lib -o "Reconocimiento_voz"  ./src/Reconocimiento_voz.o ./src/Utilities.o  ./Resources/Resources.o   -lpocketsphinx -lsphinxbase -lsphinxad -lpulse -lpulse-simple -lpthread -lm
Finished building target: Reconocimiento_voz
 
19:43:53 **** Incremental Build of configuration Debug for project Hello_world_eclipse ****
make all 
make: No se hace nada para 'all'.
19:43:53 **** Incremental Build of configuration Debug for project Hola_mundo_CrossCompile ****
make all 
Building target: Hola_mundo_CrossCompile
Invoking: Cross G++ Linker
arm-linux-gnueabihf-g++ -L/usr/local/raspberry/lib -o "Hola_mundo_CrossCompile"  ./src/Hola_mundo_CrossCompile.o   -lpocketsphinx -lsphinxad -lsphinxbase -lm -lpthread
/home/maximofn/raspberrypi/tools/arm-bcm2708/gcc-linaro-arm-linux-gnueabihf-raspbian-x64/bin/../lib/gcc/arm-linux-gnueabihf/4.8.3/../../../../arm-linux-gnueabihf/bin/ld: warning: libasound.so.2, needed by /usr/local/raspberry/lib/libpocketsphinx.so, not found (try using -rpath or -rpath-link)
makefile:45: fallo en las instrucciones para el objetivo 'Hola_mundo_CrossCompile'
/usr/local/raspberry/lib/libsphinxad.so: referencia a `snd_pcm_readi@ALSA_0.9' sin definir
/usr/local/raspberry/lib/libsphinxad.so: referencia a `snd_pcm_hw_params_set_format@ALSA_0.9' sin definir
/usr/local/raspberry/lib/libsphinxad.so: referencia a `snd_pcm_hw_params_set_access@ALSA_0.9' sin definir
/usr/local/raspberry/lib/libsphinxad.so: referencia a `snd_pcm_hw_params_set_period_time_near@ALSA_0.9.0rc4' sin definir
/usr/local/raspberry/lib/libsphinxad.so: referencia a `snd_pcm_hw_params_sizeof@ALSA_0.9' sin definir
/usr/local/raspberry/lib/libsphinxad.so: referencia a `snd_pcm_start@ALSA_0.9' sin definir
/usr/local/raspberry/lib/libsphinxad.so: referencia a `snd_pcm_hw_params_get_buffer_time_max@ALSA_0.9.0rc4' sin definir
/usr/local/raspberry/lib/libsphinxad.so: referencia a `snd_pcm_close@ALSA_0.9' sin definir
/usr/local/raspberry/lib/libsphinxad.so: referencia a `snd_pcm_hw_params@ALSA_0.9' sin definir
/usr/local/raspberry/lib/libsphinxad.so: referencia a `snd_strerror@ALSA_0.9' sin definir
/usr/local/raspberry/lib/libsphinxad.so: referencia a `snd_pcm_hw_params_set_buffer_time_near@ALSA_0.9.0rc4' sin definir
/usr/local/raspberry/lib/libsphinxad.so: referencia a `snd_pcm_open@ALSA_0.9' sin definir
/usr/local/raspberry/lib/libsphinxad.so: referencia a `snd_pcm_resume@ALSA_0.9' sin definir
/usr/local/raspberry/lib/libsphinxad.so: referencia a `snd_pcm_hw_params_set_rate_near@ALSA_0.9.0rc4' sin definir
/usr/local/raspberry/lib/libsphinxad.so: referencia a `snd_pcm_prepare@ALSA_0.9' sin definir
/usr/local/raspberry/lib/libsphinxad.so: referencia a `snd_pcm_drop@ALSA_0.9' sin definir
/usr/local/raspberry/lib/libsphinxad.so: referencia a `snd_pcm_hw_params_any@ALSA_0.9' sin definir
/usr/local/raspberry/lib/libsphinxad.so: referencia a `snd_pcm_hw_params_set_channels@ALSA_0.9' sin definir
/usr/local/raspberry/lib/libsphinxad.so: referencia a `snd_pcm_nonblock@ALSA_0.9' sin definir
collect2: error: ld returned 1 exit status
make: *** [Hola_mundo_CrossCompile] Error 1
19:43:54 **** Incremental Build of configuration Debug for project Reconocimiento_voz ****
make all 
Building file: ../src/Reconocimiento_voz.cpp
Invoking: GCC C++ Compiler
g++ -I/usr/local/include/sphinxbase -I/usr/local/include/pocketsphinx -O0 -g3 -Wall -c -fmessage-length=0 -MMD -MP -MF"src/Reconocimiento_voz.d" -MT"src/Reconocimiento_voz.d" -o "src/Reconocimiento_voz.o" "../src/Reconocimiento_voz.cpp"
../src/Reconocimiento_voz.cpp:107:13: warning: ‘void recognize_from_microphone()’ defined but not used [-Wunused-function]
 static void recognize_from_microphone()
             ^
Finished building: ../src/Reconocimiento_voz.cpp
 
Building target: Reconocimiento_voz
Invoking: GCC C++ Linker
g++ -L/usr/local/lib -o "Reconocimiento_voz"  ./src/Reconocimiento_voz.o ./src/Utilities.o  ./Resources/Resources.o   -lpocketsphinx -lsphinxbase -lsphinxad -lpulse -lpulse-simple -lpthread -lm
Finished building target: Reconocimiento_voz
 
19:44:19 **** Incremental Build of configuration Debug for project Reconocimiento_voz ****
make all 
make: No se hace nada para 'all'.
19:44:43 **** Incremental Build of configuration Debug for project Reconocimiento_voz ****
make all 
Building target: Reconocimiento_voz
Invoking: GCC C++ Linker
g++ -L/usr/local/lib -o "Reconocimiento_voz"  ./src/Reconocimiento_voz.o ./src/Utilities.o  ./Resources/Resources.o   -lpocketsphinx -lsphinxbase -lsphinxad -lpulse -lpulse-simple -lpthread -lm
Finished building target: Reconocimiento_voz
 
19:45:31 **** Incremental Build of configuration Debug for project Reconocimiento_voz ****
make all 
Building file: ../src/Reconocimiento_voz.cpp
Invoking: GCC C++ Compiler
g++ -I/usr/local/include/sphinxbase -I/usr/local/include/pocketsphinx -O0 -g3 -Wall -c -fmessage-length=0 -MMD -MP -MF"src/Reconocimiento_voz.d" -MT"src/Reconocimiento_voz.d" -o "src/Reconocimiento_voz.o" "../src/Reconocimiento_voz.cpp"
../src/Reconocimiento_voz.cpp:107:13: warning: ‘void recognize_from_microphone()’ defined but not used [-Wunused-function]
 static void recognize_from_microphone()
             ^
Finished building: ../src/Reconocimiento_voz.cpp
 
Building target: Reconocimiento_voz
Invoking: GCC C++ Linker
g++ -L/usr/local/lib -o "Reconocimiento_voz"  ./src/Reconocimiento_voz.o ./src/Utilities.o  ./Resources/Resources.o   -lpocketsphinx -lsphinxbase -lsphinxad -lpulse -lpulse-simple -lpthread -lm
Finished building target: Reconocimiento_voz
 
19:45:39 **** Incremental Build of configuration Debug for project Reconocimiento_voz ****
make all 
Building file: ../src/Reconocimiento_voz.cpp
Invoking: GCC C++ Compiler
g++ -I/usr/local/include/sphinxbase -I/usr/local/include/pocketsphinx -O0 -g3 -Wall -c -fmessage-length=0 -MMD -MP -MF"src/Reconocimiento_voz.d" -MT"src/Reconocimiento_voz.d" -o "src/Reconocimiento_voz.o" "../src/Reconocimiento_voz.cpp"
../src/Reconocimiento_voz.cpp:107:13: warning: ‘void recognize_from_microphone()’ defined but not used [-Wunused-function]
 static void recognize_from_microphone()
             ^
Finished building: ../src/Reconocimiento_voz.cpp
 
Building target: Reconocimiento_voz
Invoking: GCC C++ Linker
g++ -L/usr/local/lib -o "Reconocimiento_voz"  ./src/Reconocimiento_voz.o ./src/Utilities.o  ./Resources/Resources.o   -lpocketsphinx -lsphinxbase -lsphinxad -lpulse -lpulse-simple -lpthread -lm
Finished building target: Reconocimiento_voz
 
19:45:48 **** Incremental Build of configuration Debug for project Reconocimiento_voz ****
make all 
Building file: ../src/Reconocimiento_voz.cpp
Invoking: GCC C++ Compiler
g++ -I/usr/local/include/sphinxbase -I/usr/local/include/pocketsphinx -O0 -g3 -Wall -c -fmessage-length=0 -MMD -MP -MF"src/Reconocimiento_voz.d" -MT"src/Reconocimiento_voz.d" -o "src/Reconocimiento_voz.o" "../src/Reconocimiento_voz.cpp"
../src/Reconocimiento_voz.cpp:107:13: warning: ‘void recognize_from_microphone()’ defined but not used [-Wunused-function]
 static void recognize_from_microphone()
             ^
Finished building: ../src/Reconocimiento_voz.cpp
 
Building target: Reconocimiento_voz
Invoking: GCC C++ Linker
g++ -L/usr/local/lib -o "Reconocimiento_voz"  ./src/Reconocimiento_voz.o ./src/Utilities.o  ./Resources/Resources.o   -lpocketsphinx -lsphinxbase -lsphinxad -lpulse -lpulse-simple -lpthread -lm
Finished building target: Reconocimiento_voz
 
19:46:16 **** Incremental Build of configuration Debug for project Reconocimiento_voz ****
make all 
Building file: ../src/Reconocimiento_voz.cpp
Invoking: GCC C++ Compiler
g++ -I/usr/local/include/sphinxbase -I/usr/local/include/pocketsphinx -O0 -g3 -Wall -c -fmessage-length=0 -MMD -MP -MF"src/Reconocimiento_voz.d" -MT"src/Reconocimiento_voz.d" -o "src/Reconocimiento_voz.o" "../src/Reconocimiento_voz.cpp"
../src/Reconocimiento_voz.cpp:107:13: warning: ‘void recognize_from_microphone()’ defined but not used [-Wunused-function]
 static void recognize_from_microphone()
             ^
Finished building: ../src/Reconocimiento_voz.cpp
 
Building target: Reconocimiento_voz
Invoking: GCC C++ Linker
g++ -L/usr/local/lib -o "Reconocimiento_voz"  ./src/Reconocimiento_voz.o ./src/Utilities.o  ./Resources/Resources.o   -lpocketsphinx -lsphinxbase -lsphinxad -lpulse -lpulse-simple -lpthread -lm
Finished building target: Reconocimiento_voz
 
19:46:56 **** Incremental Build of configuration Debug for project Reconocimiento_voz ****
make all 
Building file: ../src/Reconocimiento_voz.cpp
Invoking: GCC C++ Compiler
g++ -I/usr/local/include/sphinxbase -I/usr/local/include/pocketsphinx -O0 -g3 -Wall -c -fmessage-length=0 -MMD -MP -MF"src/Reconocimiento_voz.d" -MT"src/Reconocimiento_voz.d" -o "src/Reconocimiento_voz.o" "../src/Reconocimiento_voz.cpp"
../src/Reconocimiento_voz.cpp: In function ‘int main(int, char**)’:
../src/Reconocimiento_voz.cpp:91:69: error: no matching function for call to ‘trace(const char [27], char*&, const char [12], const char [9])’
     trace ("%s COMPILED ON: %s, AT: %s", argv[0], __DATE__, __TIME__);
                                                                     ^
In file included from ../src/Reconocimiento_voz.cpp:13:0:
../src/Utilities.h:62:13: note: candidate: void trace(std::__cxx11::string)
 inline void trace(string s)
             ^
../src/Utilities.h:62:13: note:   candidate expects 1 argument, 4 provided
../src/Utilities.h:76:13: note: candidate: void trace(char**)
 inline void trace(char* c[])
             ^
../src/Utilities.h:76:13: note:   candidate expects 1 argument, 4 provided
../src/Reconocimiento_voz.cpp: At global scope:
../src/Reconocimiento_voz.cpp:108:13: warning: ‘void recognize_from_microphone()’ defined but not used [-Wunused-function]
 static void recognize_from_microphone()
             ^
src/subdir.mk:21: fallo en las instrucciones para el objetivo 'src/Reconocimiento_voz.o'
make: *** [src/Reconocimiento_voz.o] Error 1
19:47:53 **** Incremental Build of configuration Debug for project Reconocimiento_voz ****
make all 
Building file: ../src/Reconocimiento_voz.cpp
Invoking: GCC C++ Compiler
g++ -I/usr/local/include/sphinxbase -I/usr/local/include/pocketsphinx -O0 -g3 -Wall -c -fmessage-length=0 -MMD -MP -MF"src/Reconocimiento_voz.d" -MT"src/Reconocimiento_voz.d" -o "src/Reconocimiento_voz.o" "../src/Reconocimiento_voz.cpp"
../src/Reconocimiento_voz.cpp:109:13: warning: ‘void recognize_from_microphone()’ defined but not used [-Wunused-function]
 static void recognize_from_microphone()
             ^
Finished building: ../src/Reconocimiento_voz.cpp
 
Building target: Reconocimiento_voz
Invoking: GCC C++ Linker
g++ -L/usr/local/lib -o "Reconocimiento_voz"  ./src/Reconocimiento_voz.o ./src/Utilities.o  ./Resources/Resources.o   -lpocketsphinx -lsphinxbase -lsphinxad -lpulse -lpulse-simple -lpthread -lm
Finished building target: Reconocimiento_voz
 
19:48:13 **** Incremental Build of configuration Debug for project Reconocimiento_voz ****
make all 
Building file: ../src/Reconocimiento_voz.cpp
Invoking: GCC C++ Compiler
g++ -I/usr/local/include/sphinxbase -I/usr/local/include/pocketsphinx -O0 -g3 -Wall -c -fmessage-length=0 -MMD -MP -MF"src/Reconocimiento_voz.d" -MT"src/Reconocimiento_voz.d" -o "src/Reconocimiento_voz.o" "../src/Reconocimiento_voz.cpp"
../src/Reconocimiento_voz.cpp:109:13: warning: ‘void recognize_from_microphone()’ defined but not used [-Wunused-function]
 static void recognize_from_microphone()
             ^
Finished building: ../src/Reconocimiento_voz.cpp
 
Building target: Reconocimiento_voz
Invoking: GCC C++ Linker
g++ -L/usr/local/lib -o "Reconocimiento_voz"  ./src/Reconocimiento_voz.o ./src/Utilities.o  ./Resources/Resources.o   -lpocketsphinx -lsphinxbase -lsphinxad -lpulse -lpulse-simple -lpthread -lm
Finished building target: Reconocimiento_voz
 
19:48:27 **** Incremental Build of configuration Debug for project Reconocimiento_voz ****
make all 
Building file: ../src/Reconocimiento_voz.cpp
Invoking: GCC C++ Compiler
g++ -I/usr/local/include/sphinxbase -I/usr/local/include/pocketsphinx -O0 -g3 -Wall -c -fmessage-length=0 -MMD -MP -MF"src/Reconocimiento_voz.d" -MT"src/Reconocimiento_voz.d" -o "src/Reconocimiento_voz.o" "../src/Reconocimiento_voz.cpp"
../src/Reconocimiento_voz.cpp:109:13: warning: ‘void recognize_from_microphone()’ defined but not used [-Wunused-function]
 static void recognize_from_microphone()
             ^
Finished building: ../src/Reconocimiento_voz.cpp
 
Building target: Reconocimiento_voz
Invoking: GCC C++ Linker
g++ -L/usr/local/lib -o "Reconocimiento_voz"  ./src/Reconocimiento_voz.o ./src/Utilities.o  ./Resources/Resources.o   -lpocketsphinx -lsphinxbase -lsphinxad -lpulse -lpulse-simple -lpthread -lm
Finished building target: Reconocimiento_voz
 
19:49:13 **** Incremental Build of configuration Debug for project Reconocimiento_voz ****
make all 
Building file: ../src/Reconocimiento_voz.cpp
Invoking: GCC C++ Compiler
g++ -I/usr/local/include/sphinxbase -I/usr/local/include/pocketsphinx -O0 -g3 -Wall -c -fmessage-length=0 -MMD -MP -MF"src/Reconocimiento_voz.d" -MT"src/Reconocimiento_voz.d" -o "src/Reconocimiento_voz.o" "../src/Reconocimiento_voz.cpp"
../src/Reconocimiento_voz.cpp:109:13: warning: ‘void recognize_from_microphone()’ defined but not used [-Wunused-function]
 static void recognize_from_microphone()
             ^
Finished building: ../src/Reconocimiento_voz.cpp
 
Building target: Reconocimiento_voz
Invoking: GCC C++ Linker
g++ -L/usr/local/lib -o "Reconocimiento_voz"  ./src/Reconocimiento_voz.o ./src/Utilities.o  ./Resources/Resources.o   -lpocketsphinx -lsphinxbase -lsphinxad -lpulse -lpulse-simple -lpthread -lm
Finished building target: Reconocimiento_voz
 
19:49:47 **** Incremental Build of configuration Debug for project Reconocimiento_voz ****
make all 
Building file: ../src/Reconocimiento_voz.cpp
Invoking: GCC C++ Compiler
g++ -I/usr/local/include/sphinxbase -I/usr/local/include/pocketsphinx -O0 -g3 -Wall -c -fmessage-length=0 -MMD -MP -MF"src/Reconocimiento_voz.d" -MT"src/Reconocimiento_voz.d" -o "src/Reconocimiento_voz.o" "../src/Reconocimiento_voz.cpp"
../src/Reconocimiento_voz.cpp:109:13: warning: ‘void recognize_from_microphone()’ defined but not used [-Wunused-function]
 static void recognize_from_microphone()
             ^
Finished building: ../src/Reconocimiento_voz.cpp
 
Building target: Reconocimiento_voz
Invoking: GCC C++ Linker
g++ -L/usr/local/lib -o "Reconocimiento_voz"  ./src/Reconocimiento_voz.o ./src/Utilities.o  ./Resources/Resources.o   -lpocketsphinx -lsphinxbase -lsphinxad -lpulse -lpulse-simple -lpthread -lm
Finished building target: Reconocimiento_voz
 
19:49:57 **** Incremental Build of configuration Debug for project Reconocimiento_voz ****
make all 
Building file: ../src/Reconocimiento_voz.cpp
Invoking: GCC C++ Compiler
g++ -I/usr/local/include/sphinxbase -I/usr/local/include/pocketsphinx -O0 -g3 -Wall -c -fmessage-length=0 -MMD -MP -MF"src/Reconocimiento_voz.d" -MT"src/Reconocimiento_voz.d" -o "src/Reconocimiento_voz.o" "../src/Reconocimiento_voz.cpp"
../src/Reconocimiento_voz.cpp:109:13: warning: ‘void recognize_from_microphone()’ defined but not used [-Wunused-function]
 static void recognize_from_microphone()
             ^
Finished building: ../src/Reconocimiento_voz.cpp
 
Building target: Reconocimiento_voz
Invoking: GCC C++ Linker
g++ -L/usr/local/lib -o "Reconocimiento_voz"  ./src/Reconocimiento_voz.o ./src/Utilities.o  ./Resources/Resources.o   -lpocketsphinx -lsphinxbase -lsphinxad -lpulse -lpulse-simple -lpthread -lm
Finished building target: Reconocimiento_voz
 
20:01:09 **** Incremental Build of configuration Debug for project Reconocimiento_voz ****
make all 
Building file: ../src/Reconocimiento_voz.cpp
Invoking: GCC C++ Compiler
g++ -I/usr/local/include/sphinxbase -I/usr/local/include/pocketsphinx -O0 -g3 -Wall -c -fmessage-length=0 -MMD -MP -MF"src/Reconocimiento_voz.d" -MT"src/Reconocimiento_voz.d" -o "src/Reconocimiento_voz.o" "../src/Reconocimiento_voz.cpp"
Finished building: ../src/Reconocimiento_voz.cpp
 
Building target: Reconocimiento_voz
Invoking: GCC C++ Linker
g++ -L/usr/local/lib -o "Reconocimiento_voz"  ./src/Reconocimiento_voz.o ./src/Utilities.o  ./Resources/Resources.o   -lpocketsphinx -lsphinxbase -lsphinxad -lpulse -lpulse-simple -lpthread -lm
Finished building target: Reconocimiento_voz
 
20:05:13 **** Incremental Build of configuration Debug for project Reconocimiento_voz ****
make all 
Building file: ../src/Reconocimiento_voz.cpp
Invoking: GCC C++ Compiler
g++ -I/usr/local/include/sphinxbase -I/usr/local/include/pocketsphinx -O0 -g3 -Wall -c -fmessage-length=0 -MMD -MP -MF"src/Reconocimiento_voz.d" -MT"src/Reconocimiento_voz.d" -o "src/Reconocimiento_voz.o" "../src/Reconocimiento_voz.cpp"
../src/Reconocimiento_voz.cpp: In function ‘void recognize_from_microphone()’:
../src/Reconocimiento_voz.cpp:114:11: warning: unused variable ‘adbuf’ [-Wunused-variable]
     int16 adbuf[2048];
           ^
../src/Reconocimiento_voz.cpp:115:11: warning: variable ‘utt_started’ set but not used [-Wunused-but-set-variable]
     uint8 utt_started, in_speech;
           ^
../src/Reconocimiento_voz.cpp:115:24: warning: unused variable ‘in_speech’ [-Wunused-variable]
     uint8 utt_started, in_speech;
                        ^
../src/Reconocimiento_voz.cpp:116:11: warning: unused variable ‘k’ [-Wunused-variable]
     int32 k;
           ^
../src/Reconocimiento_voz.cpp:117:17: warning: unused variable ‘hyp’ [-Wunused-variable]
     char const *hyp;
                 ^
../src/Reconocimiento_voz.cpp: At global scope:
../src/Reconocimiento_voz.cpp:159:13: warning: ‘void sleep_msec(int32)’ defined but not used [-Wunused-function]
 static void sleep_msec(int32 ms)
             ^
Finished building: ../src/Reconocimiento_voz.cpp
 
Building target: Reconocimiento_voz
Invoking: GCC C++ Linker
g++ -L/usr/local/lib -o "Reconocimiento_voz"  ./src/Reconocimiento_voz.o ./src/Utilities.o  ./Resources/Resources.o   -lpocketsphinx -lsphinxbase -lsphinxad -lpulse -lpulse-simple -lpthread -lm
Finished building target: Reconocimiento_voz
 
20:07:29 **** Incremental Build of configuration Debug for project Reconocimiento_voz ****
make all 
Building file: ../src/Reconocimiento_voz.cpp
Invoking: GCC C++ Compiler
g++ -I/usr/local/include/sphinxbase -I/usr/local/include/pocketsphinx -O0 -g3 -Wall -c -fmessage-length=0 -MMD -MP -MF"src/Reconocimiento_voz.d" -MT"src/Reconocimiento_voz.d" -o "src/Reconocimiento_voz.o" "../src/Reconocimiento_voz.cpp"
Finished building: ../src/Reconocimiento_voz.cpp
 
Building target: Reconocimiento_voz
Invoking: GCC C++ Linker
g++ -L/usr/local/lib -o "Reconocimiento_voz"  ./src/Reconocimiento_voz.o ./src/Utilities.o  ./Resources/Resources.o   -lpocketsphinx -lsphinxbase -lsphinxad -lpulse -lpulse-simple -lpthread -lm
Finished building target: Reconocimiento_voz
 
