19:43:53 **** Incremental Build of configuration Debug for project Hola_mundo_CrossCompile ****
make all 
Building target: Hola_mundo_CrossCompile
Invoking: Cross G++ Linker
arm-linux-gnueabihf-g++ -L/usr/local/raspberry/lib -o "Hola_mundo_CrossCompile"  ./src/Hola_mundo_CrossCompile.o   -lpocketsphinx -lsphinxad -lsphinxbase -lm -lpthread
/home/maximofn/raspberrypi/tools/arm-bcm2708/gcc-linaro-arm-linux-gnueabihf-raspbian-x64/bin/../lib/gcc/arm-linux-gnueabihf/4.8.3/../../../../arm-linux-gnueabihf/bin/ld: warning: libasound.so.2, needed by /usr/local/raspberry/lib/libpocketsphinx.so, not found (try using -rpath or -rpath-link)
makefile:45: fallo en las instrucciones para el objetivo 'Hola_mundo_CrossCompile'
/usr/local/raspberry/lib/libsphinxad.so: referencia a `snd_pcm_readi@ALSA_0.9' sin definir
/usr/local/raspberry/lib/libsphinxad.so: referencia a `snd_pcm_hw_params_set_format@ALSA_0.9' sin definir
/usr/local/raspberry/lib/libsphinxad.so: referencia a `snd_pcm_hw_params_set_access@ALSA_0.9' sin definir
/usr/local/raspberry/lib/libsphinxad.so: referencia a `snd_pcm_hw_params_set_period_time_near@ALSA_0.9.0rc4' sin definir
/usr/local/raspberry/lib/libsphinxad.so: referencia a `snd_pcm_hw_params_sizeof@ALSA_0.9' sin definir
/usr/local/raspberry/lib/libsphinxad.so: referencia a `snd_pcm_start@ALSA_0.9' sin definir
/usr/local/raspberry/lib/libsphinxad.so: referencia a `snd_pcm_hw_params_get_buffer_time_max@ALSA_0.9.0rc4' sin definir
/usr/local/raspberry/lib/libsphinxad.so: referencia a `snd_pcm_close@ALSA_0.9' sin definir
/usr/local/raspberry/lib/libsphinxad.so: referencia a `snd_pcm_hw_params@ALSA_0.9' sin definir
/usr/local/raspberry/lib/libsphinxad.so: referencia a `snd_strerror@ALSA_0.9' sin definir
/usr/local/raspberry/lib/libsphinxad.so: referencia a `snd_pcm_hw_params_set_buffer_time_near@ALSA_0.9.0rc4' sin definir
/usr/local/raspberry/lib/libsphinxad.so: referencia a `snd_pcm_open@ALSA_0.9' sin definir
/usr/local/raspberry/lib/libsphinxad.so: referencia a `snd_pcm_resume@ALSA_0.9' sin definir
/usr/local/raspberry/lib/libsphinxad.so: referencia a `snd_pcm_hw_params_set_rate_near@ALSA_0.9.0rc4' sin definir
/usr/local/raspberry/lib/libsphinxad.so: referencia a `snd_pcm_prepare@ALSA_0.9' sin definir
/usr/local/raspberry/lib/libsphinxad.so: referencia a `snd_pcm_drop@ALSA_0.9' sin definir
/usr/local/raspberry/lib/libsphinxad.so: referencia a `snd_pcm_hw_params_any@ALSA_0.9' sin definir
/usr/local/raspberry/lib/libsphinxad.so: referencia a `snd_pcm_hw_params_set_channels@ALSA_0.9' sin definir
/usr/local/raspberry/lib/libsphinxad.so: referencia a `snd_pcm_nonblock@ALSA_0.9' sin definir
collect2: error: ld returned 1 exit status
make: *** [Hola_mundo_CrossCompile] Error 1

19:43:53 Build Finished (took 115ms)

